<?xml version="1.0" encoding="UTF-8"?>
<!-- Generated by org.testng.reporters.JUnitXMLReporter -->
<testsuite ignored="3" hostname="LAPTOP-GFUJCBAV" failures="1" tests="5" name="ChromeTest" time="67.952" errors="0" timestamp="2026-03-14T02:41:37 IST">
  <testcase classname="com.automation.v1.testscript.TestScript" name="testBrokenLinks" time="1.896"/>
  <testcase classname="com.automation.v1.testscript.BaseAuthLinkTest" name="Test" time="8.433"/>
  <testcase classname="com.automation.v1.testscript.AddRemoveElementTest" name="testAddRemoveElements" time="11.204">
    <failure type="org.openqa.selenium.NoSuchElementException" message="no such element: Unable to locate element: {&amp;quot;method&amp;quot;:&amp;quot;xpath&amp;quot;,&amp;quot;selector&amp;quot;:&amp;quot;//a[@href=&amp;apos;/add_remove_elements/&amp;apos;]&amp;quot;}
  (Session info: chrome=145.0.7632.160)
For documentation on this error, please visit: https://www.selenium.dev/documentation/webdriver/troubleshooting/errors#no-such-element-exception
Build info: version: &amp;apos;4.18.1&amp;apos;, revision: &amp;apos;b1d3319b48&amp;apos;
System info: os.name: &amp;apos;Windows 11&amp;apos;, os.arch: &amp;apos;amd64&amp;apos;, os.version: &amp;apos;10.0&amp;apos;, java.version: &amp;apos;21.0.10&amp;apos;
Driver info: org.openqa.selenium.remote.RemoteWebDriver
Command: [036a6e5f9b3a0cf53ee1b2eddc6c94c6, findElement {value=//a[@href=&amp;apos;/add_remove_elements/&amp;apos;], using=xpath}]
Capabilities {acceptInsecureCerts: false, browserName: chrome, browserVersion: 145.0.7632.160, chrome: {chromedriverVersion: 145.0.7632.117 (de4e5d6e13b..., userDataDir: C:\Users\Ashish\AppData\Loc...}, fedcm:accounts: true, goog:chromeOptions: {debuggerAddress: localhost:64939}, goog:processID: 12072, networkConnectionEnabled: false, pageLoadStrategy: normal, platformName: Windows 11, proxy: Proxy(), se:bidiEnabled: false, se:cdp: ws://192.168.1.27:4444/sess..., se:cdpVersion: 145.0.7632.160, setWindowRect: true, strictFileInteractability: false, timeouts: {implicit: 0, pageLoad: 300000, script: 30000}, unhandledPromptBehavior: dismiss and notify, webauthn:extension:credBlob: true, webauthn:extension:largeBlob: true, webauthn:extension:minPinLength: true, webauthn:extension:prf: true, webauthn:virtualAuthenticators: true}
Session ID: 036a6e5f9b3a0cf53ee1b2eddc6c94c6">
      <![CDATA[org.openqa.selenium.NoSuchElementException: no such element: Unable to locate element: {"method":"xpath","selector":"//a[@href='/add_remove_elements/']"}
  (Session info: chrome=145.0.7632.160)
For documentation on this error, please visit: https://www.selenium.dev/documentation/webdriver/troubleshooting/errors#no-such-element-exception
Build info: version: '4.18.1', revision: 'b1d3319b48'
System info: os.name: 'Windows 11', os.arch: 'amd64', os.version: '10.0', java.version: '21.0.10'
Driver info: org.openqa.selenium.remote.RemoteWebDriver
Command: [036a6e5f9b3a0cf53ee1b2eddc6c94c6, findElement {value=//a[@href='/add_remove_elements/'], using=xpath}]
Capabilities {acceptInsecureCerts: false, browserName: chrome, browserVersion: 145.0.7632.160, chrome: {chromedriverVersion: 145.0.7632.117 (de4e5d6e13b..., userDataDir: C:\Users\Ashish\AppData\Loc...}, fedcm:accounts: true, goog:chromeOptions: {debuggerAddress: localhost:64939}, goog:processID: 12072, networkConnectionEnabled: false, pageLoadStrategy: normal, platformName: Windows 11, proxy: Proxy(), se:bidiEnabled: false, se:cdp: ws://192.168.1.27:4444/sess..., se:cdpVersion: 145.0.7632.160, setWindowRect: true, strictFileInteractability: false, timeouts: {implicit: 0, pageLoad: 300000, script: 30000}, unhandledPromptBehavior: dismiss and notify, webauthn:extension:credBlob: true, webauthn:extension:largeBlob: true, webauthn:extension:minPinLength: true, webauthn:extension:prf: true, webauthn:virtualAuthenticators: true}
Session ID: 036a6e5f9b3a0cf53ee1b2eddc6c94c6
at org.openqa.selenium.remote.ErrorCodec.decode(ErrorCodec.java:167)
at org.openqa.selenium.remote.codec.w3c.W3CHttpResponseCodec.decode(W3CHttpResponseCodec.java:138)
at org.openqa.selenium.remote.codec.w3c.W3CHttpResponseCodec.decode(W3CHttpResponseCodec.java:50)
at org.openqa.selenium.remote.HttpCommandExecutor.execute(HttpCommandExecutor.java:190)
at org.openqa.selenium.remote.TracedCommandExecutor.execute(TracedCommandExecutor.java:51)
at org.openqa.selenium.remote.RemoteWebDriver.execute(RemoteWebDriver.java:519)
at org.openqa.selenium.remote.ElementLocation$ElementFinder$2.findElement(ElementLocation.java:165)
at org.openqa.selenium.remote.ElementLocation.findElement(ElementLocation.java:59)
at org.openqa.selenium.remote.RemoteWebDriver.findElement(RemoteWebDriver.java:356)
at org.openqa.selenium.remote.RemoteWebDriver.findElement(RemoteWebDriver.java:350)
at org.openqa.selenium.support.pagefactory.DefaultElementLocator.findElement(DefaultElementLocator.java:68)
at org.openqa.selenium.support.pagefactory.internal.LocatingElementHandler.invoke(LocatingElementHandler.java:38)
at jdk.proxy2/jdk.proxy2.$Proxy16.click(Unknown Source)
at com.automation.PageObjects.HomePage.AddElementLinkClick(HomePage.java:35)
at com.automation.v1.testscript.AddRemoveElementTest.testAddRemoveElements(AddRemoveElementTest.java:20)
at java.base/java.util.ArrayList.forEach(ArrayList.java:1596)
at java.base/java.util.concurrent.FutureTask.run(FutureTask.java:317)
at java.base/java.util.concurrent.ThreadPoolExecutor.runWorker(ThreadPoolExecutor.java:1144)
at java.base/java.util.concurrent.ThreadPoolExecutor$Worker.run(ThreadPoolExecutor.java:642)
at java.base/java.lang.Thread.run(Thread.java:1583)
... Removed 18 stack frames]]>
    </failure>
  </testcase> <!-- testAddRemoveElements -->
  <testcase classname="com.automation.v1.testscript.DropDownTest" name="testDropDown" time="4.722"/>
  <testcase classname="com.automation.v1.testscript.CheckBoxTest" name="testCheckBox" time="8.25"/>
  <testcase classname="com.automation.v1.BaseClass.BaseClass" name="@BeforeTest ConfigSetup" time="0.0">
    <ignored/>
  </testcase> <!-- @BeforeTest ConfigSetup -->
  <testcase classname="com.automation.v1.BaseClass.BaseClass" name="@BeforeTest ConfigSetup" time="0.0">
    <ignored/>
  </testcase> <!-- @BeforeTest ConfigSetup -->
  <testcase classname="com.automation.v1.BaseClass.BaseClass" name="@BeforeTest ConfigSetup" time="0.0">
    <ignored/>
  </testcase> <!-- @BeforeTest ConfigSetup -->
</testsuite> <!-- ChromeTest -->
