<?xml version="1.0" encoding="UTF-8"?>
<!-- Generated by org.testng.reporters.JUnitXMLReporter -->
<testsuite ignored="3" hostname="LAPTOP-GFUJCBAV" failures="0" tests="5" name="EdgeTest" time="12.64" errors="0" timestamp="2026-03-14T02:37:53 IST">
  <testcase classname="com.automation.v1.BaseClass.BaseClass" name="@BeforeMethod browserSetup" time="4.84">
    <failure type="org.openqa.selenium.SessionNotCreatedException" message="Could not start a new session. Response code 500. Message: Expected browser binary location, but unable to find binary in default location, no &amp;apos;moz:firefoxOptions.binary&amp;apos; capability provided, and no binary flag set on the command line 
Host info: host: &amp;apos;LAPTOP-GFUJCBAV&amp;apos;, ip: &amp;apos;192.168.1.27&amp;apos;
Build info: version: &amp;apos;4.18.1&amp;apos;, revision: &amp;apos;b1d3319b48&amp;apos;
System info: os.name: &amp;apos;Windows 11&amp;apos;, os.arch: &amp;apos;amd64&amp;apos;, os.version: &amp;apos;10.0&amp;apos;, java.version: &amp;apos;21.0.10&amp;apos;
Driver info: org.openqa.selenium.firefox.FirefoxDriver
Command: [null, newSession {capabilities=[Capabilities {acceptInsecureCerts: true, browserName: firefox, moz:debuggerAddress: true, moz:firefoxOptions: {}}]}]">
      <![CDATA[org.openqa.selenium.SessionNotCreatedException: Could not start a new session. Response code 500. Message: Expected browser binary location, but unable to find binary in default location, no 'moz:firefoxOptions.binary' capability provided, and no binary flag set on the command line 
Host info: host: 'LAPTOP-GFUJCBAV', ip: '192.168.1.27'
Build info: version: '4.18.1', revision: 'b1d3319b48'
System info: os.name: 'Windows 11', os.arch: 'amd64', os.version: '10.0', java.version: '21.0.10'
Driver info: org.openqa.selenium.firefox.FirefoxDriver
Command: [null, newSession {capabilities=[Capabilities {acceptInsecureCerts: true, browserName: firefox, moz:debuggerAddress: true, moz:firefoxOptions: {}}]}]
at org.openqa.selenium.remote.ProtocolHandshake.createSession(ProtocolHandshake.java:139)
at org.openqa.selenium.remote.ProtocolHandshake.createSession(ProtocolHandshake.java:95)
at org.openqa.selenium.remote.ProtocolHandshake.createSession(ProtocolHandshake.java:67)
at org.openqa.selenium.remote.HttpCommandExecutor.execute(HttpCommandExecutor.java:162)
at org.openqa.selenium.remote.service.DriverCommandExecutor.invokeExecute(DriverCommandExecutor.java:216)
at org.openqa.selenium.remote.service.DriverCommandExecutor.execute(DriverCommandExecutor.java:174)
at org.openqa.selenium.remote.RemoteWebDriver.execute(RemoteWebDriver.java:519)
at org.openqa.selenium.remote.RemoteWebDriver.startSession(RemoteWebDriver.java:233)
at org.openqa.selenium.remote.RemoteWebDriver.<init>(RemoteWebDriver.java:162)
at org.openqa.selenium.firefox.FirefoxDriver.<init>(FirefoxDriver.java:155)
at org.openqa.selenium.firefox.FirefoxDriver.<init>(FirefoxDriver.java:150)
at org.openqa.selenium.firefox.FirefoxDriver.<init>(FirefoxDriver.java:133)
at org.openqa.selenium.firefox.FirefoxDriver.<init>(FirefoxDriver.java:128)
at org.openqa.selenium.firefox.FirefoxDriver.<init>(FirefoxDriver.java:113)
at com.automation.v1.BaseClass.BaseClass.browserSetup(BaseClass.java:108)
at java.base/java.util.ArrayList.forEach(ArrayList.java:1596)
at java.base/java.util.concurrent.FutureTask.run(FutureTask.java:317)
at java.base/java.util.concurrent.ThreadPoolExecutor.runWorker(ThreadPoolExecutor.java:1144)
at java.base/java.util.concurrent.ThreadPoolExecutor$Worker.run(ThreadPoolExecutor.java:642)
at java.base/java.lang.Thread.run(Thread.java:1583)
... Removed 19 stack frames]]>
    </failure>
  </testcase> <!-- @BeforeMethod browserSetup -->
  <testcase classname="com.automation.v1.BaseClass.BaseClass" name="@AfterMethod KillBrowser" time="0.0">
    <skipped/>
  </testcase> <!-- @AfterMethod KillBrowser -->
  <testcase classname="com.automation.v1.testscript.TestScript" name="testBrokenLinks" time="0.001">
    <skipped/>
  </testcase> <!-- testBrokenLinks -->
  <testcase classname="com.automation.v1.testscript.BaseAuthLinkTest" name="Test" time="8.949"/>
  <testcase classname="com.automation.v1.testscript.AddRemoveElementTest" name="testAddRemoveElements" time="0.0">
    <skipped/>
  </testcase> <!-- testAddRemoveElements -->
  <testcase classname="com.automation.v1.testscript.DropDownTest" name="testDropDown" time="0.0">
    <skipped/>
  </testcase> <!-- testDropDown -->
  <testcase classname="com.automation.v1.testscript.CheckBoxTest" name="testCheckBox" time="0.0">
    <skipped/>
  </testcase> <!-- testCheckBox -->
  <testcase classname="com.automation.v1.BaseClass.BaseClass" name="@BeforeTest ConfigSetup" time="0.0">
    <ignored/>
  </testcase> <!-- @BeforeTest ConfigSetup -->
  <testcase classname="com.automation.v1.BaseClass.BaseClass" name="@BeforeTest ConfigSetup" time="0.0">
    <ignored/>
  </testcase> <!-- @BeforeTest ConfigSetup -->
  <testcase classname="com.automation.v1.BaseClass.BaseClass" name="@BeforeTest ConfigSetup" time="0.0">
    <ignored/>
  </testcase> <!-- @BeforeTest ConfigSetup -->
</testsuite> <!-- EdgeTest -->
