<?xml version="1.0" encoding="UTF-8"?>
<!-- Generated by org.testng.reporters.JUnitXMLReporter -->
<testsuite ignored="3" hostname="LAPTOP-GFUJCBAV" failures="0" tests="5" name="FirefoxTest" time="20.672" errors="0" timestamp="2026-03-14T02:38:00 IST">
  <testcase classname="com.automation.v1.testscript.TestScript" name="testBrokenLinks" time="0.0">
    <skipped/>
  </testcase> <!-- testBrokenLinks -->
  <testcase classname="com.automation.v1.testscript.BaseAuthLinkTest" name="Test" time="9.696"/>
  <testcase classname="com.automation.v1.testscript.AddRemoveElementTest" name="testAddRemoveElements" time="0.0">
    <skipped/>
  </testcase> <!-- testAddRemoveElements -->
  <testcase classname="com.automation.v1.testscript.DropDownTest" name="testDropDown" time="0.0">
    <skipped/>
  </testcase> <!-- testDropDown -->
  <testcase classname="com.automation.v1.testscript.CheckBoxTest" name="testCheckBox" time="0.0">
    <skipped/>
  </testcase> <!-- testCheckBox -->
  <testcase classname="com.automation.v1.BaseClass.BaseClass" name="@BeforeTest ConfigSetup" time="0.0">
    <ignored/>
  </testcase> <!-- @BeforeTest ConfigSetup -->
  <testcase classname="com.automation.v1.BaseClass.BaseClass" name="@BeforeTest ConfigSetup" time="0.0">
    <ignored/>
  </testcase> <!-- @BeforeTest ConfigSetup -->
  <testcase classname="com.automation.v1.BaseClass.BaseClass" name="@BeforeTest ConfigSetup" time="0.0">
    <ignored/>
  </testcase> <!-- @BeforeTest ConfigSetup -->
</testsuite> <!-- FirefoxTest -->
