<?xml version="1.0" encoding="UTF-8"?>
<!-- Generated by org.testng.reporters.JUnitXMLReporter -->
<testsuite ignored="0" hostname="LAPTOP-GFUJCBAV" failures="0" tests="1" name="Default test" time="0.038" errors="0" timestamp="2026-03-12T02:44:22 IST">
  <testcase classname="com.automation.v1.BaseClass.BaseClass" name="@BeforeTest ChromeSetup" time="-1.773263662576E9">
    <failure type="org.testng.TestNGException" message="
Parameter &amp;apos;browser&amp;apos; is required by BeforeTest on method ChromeSetup but has not been marked @Optional or defined
in C:\Users\Ashish\AppData\Local\Temp\testng-eclipse-703563310\testng-customsuite.xml">
      <![CDATA[org.testng.TestNGException: 
Parameter 'browser' is required by BeforeTest on method ChromeSetup but has not been marked @Optional or defined
in C:\Users\Ashish\AppData\Local\Temp\testng-eclipse-703563310\testng-customsuite.xml
at org.testng.internal.Parameters.createParams(Parameters.java:267)
at org.testng.internal.Parameters.createParametersForMethod(Parameters.java:355)
at org.testng.internal.Parameters.createParameters(Parameters.java:693)
at org.testng.internal.Parameters.createConfigurationParameters(Parameters.java:166)
at org.testng.internal.invokers.ConfigInvoker.invokeConfigurations(ConfigInvoker.java:306)
at org.testng.TestRunner.invokeTestConfigurations(TestRunner.java:661)
at org.testng.TestRunner.beforeRun(TestRunner.java:650)
at org.testng.TestRunner.run(TestRunner.java:612)
at org.testng.SuiteRunner.runTest(SuiteRunner.java:443)
at org.testng.SuiteRunner.runSequentially(SuiteRunner.java:437)
at org.testng.SuiteRunner.privateRun(SuiteRunner.java:397)
at org.testng.SuiteRunner.run(SuiteRunner.java:336)
at org.testng.SuiteRunnerWorker.runSuite(SuiteRunnerWorker.java:52)
at org.testng.SuiteRunnerWorker.run(SuiteRunnerWorker.java:95)
at org.testng.TestNG.runSuitesSequentially(TestNG.java:1301)
at org.testng.TestNG.runSuitesLocally(TestNG.java:1228)
at org.testng.TestNG.runSuites(TestNG.java:1134)
at org.testng.TestNG.run(TestNG.java:1101)
at org.testng.remote.AbstractRemoteTestNG.run(AbstractRemoteTestNG.java:115)
at org.testng.remote.RemoteTestNG.initAndRun(RemoteTestNG.java:293)
at org.testng.remote.RemoteTestNG.main(RemoteTestNG.java:91)
]]>
    </failure>
  </testcase> <!-- @BeforeTest ChromeSetup -->
  <testcase classname="com.automation.v1.BaseClass.BaseClass" name="@AfterTest KillBrowser" time="0.0">
    <skipped/>
  </testcase> <!-- @AfterTest KillBrowser -->
  <testcase classname="com.automation.v1.testscript.BaseAuthLinkTest" name="Test" time="0.0">
    <skipped/>
  </testcase> <!-- Test -->
</testsuite> <!-- Default test -->
