<?xml version="1.0" encoding="UTF-8"?>
<!-- Generated by org.testng.reporters.JUnitXMLReporter -->
<testsuite ignored="3" hostname="LAPTOP-GFUJCBAV" failures="0" tests="5" name="TestFirefox" time="15.224" errors="0" timestamp="2026-03-12T15:04:10 IST">
  <testcase classname="com.automation.v1.testscript.CheckBoxTest" name="Test" time="0.0">
    <skipped/>
  </testcase> <!-- Test -->
  <testcase classname="com.automation.v1.testscript.DropDownTest" name="Test" time="0.0">
    <skipped/>
  </testcase> <!-- Test -->
  <testcase classname="com.automation.v1.testscript.BaseAuthLinkTest" name="Test" time="6.249"/>
  <testcase classname="com.automation.v1.testscript.TestScript" name="testBrokenLinks" time="0.0">
    <skipped/>
  </testcase> <!-- testBrokenLinks -->
  <testcase classname="com.automation.v1.testscript.AddRemoveElementTest" name="Test" time="0.0">
    <skipped/>
  </testcase> <!-- Test -->
  <testcase classname="com.automation.v1.BaseClass.BaseClass" name="@BeforeTest ConfigSetup" time="0.0">
    <ignored/>
  </testcase> <!-- @BeforeTest ConfigSetup -->
  <testcase classname="com.automation.v1.BaseClass.BaseClass" name="@BeforeTest ConfigSetup" time="0.0">
    <ignored/>
  </testcase> <!-- @BeforeTest ConfigSetup -->
  <testcase classname="com.automation.v1.BaseClass.BaseClass" name="@BeforeTest ConfigSetup" time="0.0">
    <ignored/>
  </testcase> <!-- @BeforeTest ConfigSetup -->
</testsuite> <!-- TestFirefox -->
