<?xml version="1.0" encoding="UTF-8"?>
<!-- Generated by org.testng.reporters.JUnitXMLReporter -->
<testsuite ignored="3" hostname="LAPTOP-GFUJCBAV" failures="0" tests="5" name="Test" time="49.775" errors="0" timestamp="2026-03-13T22:07:31 IST">
  <testcase classname="com.automation.v1.testscript.TestScript" name="testBrokenLinks" time="1.293"/>
  <testcase classname="com.automation.v1.testscript.BaseAuthLinkTest" name="Test" time="6.405"/>
  <testcase classname="com.automation.v1.testscript.AddRemoveElementTest" name="Test" time="1.107"/>
  <testcase classname="com.automation.v1.testscript.DropDownTest" name="Test" time="1.191"/>
  <testcase classname="com.automation.v1.testscript.CheckBoxTest" name="Test" time="7.341"/>
  <testcase classname="com.automation.v1.BaseClass.BaseClass" name="@BeforeTest ConfigSetup" time="0.0">
    <ignored/>
  </testcase> <!-- @BeforeTest ConfigSetup -->
  <testcase classname="com.automation.v1.BaseClass.BaseClass" name="@BeforeTest ConfigSetup" time="0.0">
    <ignored/>
  </testcase> <!-- @BeforeTest ConfigSetup -->
  <testcase classname="com.automation.v1.BaseClass.BaseClass" name="@BeforeTest ConfigSetup" time="0.0">
    <ignored/>
  </testcase> <!-- @BeforeTest ConfigSetup -->
</testsuite> <!-- Test -->
