<?xml version="1.0" encoding="UTF-8"?>
<!-- Generated by org.testng.reporters.JUnitXMLReporter -->
<testsuite ignored="3" hostname="LAPTOP-GFUJCBAV" failures="0" tests="5" name="TestChrome" time="47.922" errors="0" timestamp="2026-03-12T15:03:55 IST">
  <testcase classname="com.automation.v1.testscript.CheckBoxTest" name="Test" time="7.704"/>
  <testcase classname="com.automation.v1.testscript.DropDownTest" name="Test" time="0.996"/>
  <testcase classname="com.automation.v1.testscript.BaseAuthLinkTest" name="Test" time="7.086"/>
  <testcase classname="com.automation.v1.testscript.TestScript" name="testBrokenLinks" time="1.121"/>
  <testcase classname="com.automation.v1.testscript.AddRemoveElementTest" name="Test" time="0.947"/>
  <testcase classname="com.automation.v1.BaseClass.BaseClass" name="@BeforeTest ConfigSetup" time="0.0">
    <ignored/>
  </testcase> <!-- @BeforeTest ConfigSetup -->
  <testcase classname="com.automation.v1.BaseClass.BaseClass" name="@BeforeTest ConfigSetup" time="0.0">
    <ignored/>
  </testcase> <!-- @BeforeTest ConfigSetup -->
  <testcase classname="com.automation.v1.BaseClass.BaseClass" name="@BeforeTest ConfigSetup" time="0.0">
    <ignored/>
  </testcase> <!-- @BeforeTest ConfigSetup -->
</testsuite> <!-- TestChrome -->
