<?xml version="1.0" encoding="UTF-8"?>
<!-- Generated by org.testng.reporters.JUnitXMLReporter -->
<testsuite ignored="3" hostname="LAPTOP-GFUJCBAV" failures="0" tests="3" name="Test1" time="19.331" errors="0" timestamp="2026-03-12T03:04:38 IST">
  <testcase classname="com.automation.v1.testscript.TestScript" name="testBrokenLinks" time="0.967"/>
  <testcase classname="com.automation.v1.testscript.BaseAuthLinkTest" name="Test" time="7.668"/>
  <testcase classname="com.automation.v1.testscript.AddRemoveElementTest" name="Test" time="0.786"/>
  <testcase classname="com.automation.v1.BaseClass.BaseClass" name="@BeforeTest ChromeSetup" time="0.0">
    <ignored/>
  </testcase> <!-- @BeforeTest ChromeSetup -->
  <testcase classname="com.automation.v1.BaseClass.BaseClass" name="@AfterTest KillBrowser" time="0.0">
    <ignored/>
  </testcase> <!-- @AfterTest KillBrowser -->
  <testcase classname="com.automation.v1.BaseClass.BaseClass" name="@BeforeSuite ConfigSetup" time="0.0">
    <ignored/>
  </testcase> <!-- @BeforeSuite ConfigSetup -->
</testsuite> <!-- Test1 -->
